<?xml version="1.0" encoding="UTF-8"?>
<testng-results ignored="0" total="1" passed="1" failed="0" skipped="0">
  <reporter-output>
  </reporter-output>
  <suite started-at="2024-08-05T18:28:28 IST" name="Default suite" finished-at="2024-08-05T18:28:30 IST" duration-ms="2474">
    <groups>
    </groups>
    <test started-at="2024-08-05T18:28:28 IST" name="Default test" finished-at="2024-08-05T18:28:30 IST" duration-ms="2474">
      <class name="com.tekpyramid.petstore.uploadimage.uploadImageForShopperStack">
        <test-method signature="uploadImageIntoServer()[pri:0, instance:com.tekpyramid.petstore.uploadimage.uploadImageForShopperStack@4efc180e]" started-at="2024-08-05T18:28:28 IST" name="uploadImageIntoServer" finished-at="2024-08-05T18:28:30 IST" duration-ms="2462" status="PASS">
          <reporter-output>
          </reporter-output>
        </test-method> <!-- uploadImageIntoServer -->
      </class> <!-- com.tekpyramid.petstore.uploadimage.uploadImageForShopperStack -->
    </test> <!-- Default test -->
  </suite> <!-- Default suite -->
</testng-results>
